Using pre-set license
Built from '2021.3/staging' branch; Version is '2021.3.5f1 (40eb3a945986) revision 4254522'; Using compiler version '192829333'; Build Type 'Release'
OS: 'Windows 10  (10.0.19043) 64bit Core' Language: 'en' Physical Memory: 16295 MB
BatchMode: 1, IsHumanControllingUs: 0, StartBugReporterOnCrash: 0, Is64bit: 1, IsPro: 1

COMMAND LINE ARGUMENTS:
C:\Program Files\Unity\Hub\Editor\2021.3.5f1\Editor\Unity.exe
-adb2
-batchMode
-noUpm
-name
AssetImportWorker0
-projectPath
D:/_School/CM2020 Agile Software Projects/Projects/Project Poi Level Design/Project Poi
-logFile
Logs/AssetImportWorker0.log
-srvPort
56783
Successfully changed project path to: D:/_School/CM2020 Agile Software Projects/Projects/Project Poi Level Design/Project Poi
D:/_School/CM2020 Agile Software Projects/Projects/Project Poi Level Design/Project Poi
[UnityMemory] Configuration Parameters - Can be set up in boot.config
    "memorysetup-bucket-allocator-granularity=16"
    "memorysetup-bucket-allocator-bucket-count=8"
    "memorysetup-bucket-allocator-block-size=33554432"
    "memorysetup-bucket-allocator-block-count=8"
    "memorysetup-main-allocator-block-size=16777216"
    "memorysetup-thread-allocator-block-size=16777216"
    "memorysetup-gfx-main-allocator-block-size=16777216"
    "memorysetup-gfx-thread-allocator-block-size=16777216"
    "memorysetup-cache-allocator-block-size=4194304"
    "memorysetup-typetree-allocator-block-size=2097152"
    "memorysetup-profiler-bucket-allocator-granularity=16"
    "memorysetup-profiler-bucket-allocator-bucket-count=8"
    "memorysetup-profiler-bucket-allocator-block-size=33554432"
    "memorysetup-profiler-bucket-allocator-block-count=8"
    "memorysetup-profiler-allocator-block-size=16777216"
    "memorysetup-profiler-editor-allocator-block-size=1048576"
    "memorysetup-temp-allocator-size-main=16777216"
    "memorysetup-job-temp-allocator-block-size=2097152"
    "memorysetup-job-temp-allocator-block-size-background=1048576"
    "memorysetup-job-temp-allocator-reduction-small-platforms=262144"
    "memorysetup-temp-allocator-size-background-worker=32768"
    "memorysetup-temp-allocator-size-job-worker=262144"
    "memorysetup-temp-allocator-size-preload-manager=33554432"
    "memorysetup-temp-allocator-size-nav-mesh-worker=65536"
    "memorysetup-temp-allocator-size-audio-worker=65536"
    "memorysetup-temp-allocator-size-cloud-worker=32768"
    "memorysetup-temp-allocator-size-gi-baking-worker=262144"
    "memorysetup-temp-allocator-size-gfx=262144"
Refreshing native plugins compatible for Editor in 93.38 ms, found 3 plugins.
Preloading 0 native plugins for Editor in 0.00 ms.
Initialize engine version: 2021.3.5f1 (40eb3a945986)
[Subsystems] Discovering subsystems at path C:/Program Files/Unity/Hub/Editor/2021.3.5f1/Editor/Data/Resources/UnitySubsystems
[Subsystems] Discovering subsystems at path D:/_School/CM2020 Agile Software Projects/Projects/Project Poi Level Design/Project Poi/Assets
GfxDevice: creating device client; threaded=0; jobified=0
Direct3D:
    Version:  Direct3D 11.0 [level 11.1]
    Renderer: NVIDIA GeForce GTX 1060 3GB (ID=0x1c02)
    Vendor:   NVIDIA
    VRAM:     2988 MB
    Driver:   31.0.15.1640
Initialize mono
Mono path[0] = 'C:/Program Files/Unity/Hub/Editor/2021.3.5f1/Editor/Data/Managed'
Mono path[1] = 'C:/Program Files/Unity/Hub/Editor/2021.3.5f1/Editor/Data/MonoBleedingEdge/lib/mono/unityjit-win32'
Mono config path = 'C:/Program Files/Unity/Hub/Editor/2021.3.5f1/Editor/Data/MonoBleedingEdge/etc'
Using monoOptions --debugger-agent=transport=dt_socket,embedding=1,server=y,suspend=n,address=127.0.0.1:56284
Begin MonoManager ReloadAssembly
Registering precompiled unity dll's ...
Register platform support module: C:/Program Files/Unity/Hub/Editor/2021.3.5f1/Editor/Data/PlaybackEngines/WebGLSupport/UnityEditor.WebGL.Extensions.dll
Register platform support module: C:/Program Files/Unity/Hub/Editor/2021.3.5f1/Editor/Data/PlaybackEngines/WindowsStandaloneSupport/UnityEditor.WindowsStandalone.Extensions.dll
Registered in 0.008001 seconds.
Native extension for WindowsStandalone target not found
Native extension for WebGL target not found
Refreshing native plugins compatible for Editor in 97.11 ms, found 3 plugins.
Preloading 0 native plugins for Editor in 0.00 ms.
Mono: successfully reloaded assembly
- Completed reload, in  0.593 seconds
Domain Reload Profiling:
	ReloadAssembly (593ms)
		BeginReloadAssembly (65ms)
			ExecutionOrderSort (0ms)
			DisableScriptedObjects (0ms)
			BackupInstance (0ms)
			ReleaseScriptingObjects (0ms)
			CreateAndSetChildDomain (1ms)
		EndReloadAssembly (423ms)
			LoadAssemblies (62ms)
			RebuildTransferFunctionScriptingTraits (0ms)
			SetupTypeCache (93ms)
			ReleaseScriptCaches (0ms)
			RebuildScriptCaches (26ms)
			SetupLoadedEditorAssemblies (256ms)
				LogAssemblyErrors (0ms)
				InitializePlatformSupportModulesInManaged (8ms)
				SetLoadedEditorAssemblies (0ms)
				RefreshPlugins (97ms)
				BeforeProcessingInitializeOnLoad (1ms)
				ProcessInitializeOnLoadAttributes (111ms)
				ProcessInitializeOnLoadMethodAttributes (38ms)
				AfterProcessingInitializeOnLoad (0ms)
				EditorAssembliesLoaded (0ms)
			ExecutionOrderSort2 (0ms)
			AwakeInstancesAfterBackupRestoration (0ms)
Platform modules already initialized, skipping
Registering precompiled user dll's ...
Registered in 0.005621 seconds.
Begin MonoManager ReloadAssembly
Symbol file LoadedFromMemory doesn't match image D:\_School\CM2020 Agile Software Projects\Projects\Project Poi Level Design\Project Poi\Library\PackageCache\com.unity.visualscripting@1.7.8\Editor\VisualScripting.Core\Dependencies\YamlDotNet\Unity.VisualScripting.YamlDotNet.dll
Symbol file LoadedFromMemory doesn't match image D:\_School\CM2020 Agile Software Projects\Projects\Project Poi Level Design\Project Poi\Library\PackageCache\com.unity.visualscripting@1.7.8\Editor\VisualScripting.Core\Dependencies\DotNetZip\Unity.VisualScripting.IonicZip.dll
Native extension for WindowsStandalone target not found
Native extension for WebGL target not found
Refreshing native plugins compatible for Editor in 120.36 ms, found 3 plugins.
Preloading 0 native plugins for Editor in 0.00 ms.
Mono: successfully reloaded assembly
- Completed reload, in  1.339 seconds
Domain Reload Profiling:
	ReloadAssembly (1339ms)
		BeginReloadAssembly (106ms)
			ExecutionOrderSort (0ms)
			DisableScriptedObjects (5ms)
			BackupInstance (0ms)
			ReleaseScriptingObjects (0ms)
			CreateAndSetChildDomain (21ms)
		EndReloadAssembly (1133ms)
			LoadAssemblies (80ms)
			RebuildTransferFunctionScriptingTraits (0ms)
			SetupTypeCache (268ms)
			ReleaseScriptCaches (1ms)
			RebuildScriptCaches (69ms)
			SetupLoadedEditorAssemblies (666ms)
				LogAssemblyErrors (0ms)
				InitializePlatformSupportModulesInManaged (8ms)
				SetLoadedEditorAssemblies (0ms)
				RefreshPlugins (120ms)
				BeforeProcessingInitializeOnLoad (124ms)
				ProcessInitializeOnLoadAttributes (301ms)
				ProcessInitializeOnLoadMethodAttributes (103ms)
				AfterProcessingInitializeOnLoad (9ms)
				EditorAssembliesLoaded (0ms)
			ExecutionOrderSort2 (0ms)
			AwakeInstancesAfterBackupRestoration (7ms)
Platform modules already initialized, skipping
========================================================================
Worker process is ready to serve import requests
Launched and connected shader compiler UnityShaderCompiler.exe after 0.07 seconds
Refreshing native plugins compatible for Editor in 1.62 ms, found 3 plugins.
Preloading 0 native plugins for Editor in 0.00 ms.
Unloading 5163 Unused Serialized files (Serialized files now loaded: 0)
Unloading 34 unused Assets / (317.6 KB). Loaded Objects now: 5653.
Memory consumption went from 228.6 MB to 228.2 MB.
Total: 5.258900 ms (FindLiveObjects: 0.555600 ms CreateObjectMapping: 0.602800 ms MarkObjects: 4.002300 ms  DeleteObjects: 0.097000 ms)

AssetImportParameters requested are different than current active one (requested -> active):
  custom:video-decoder-ogg-theora: a1e56fd34408186e4bbccfd4996cb3dc -> 
  custom:container-muxer-webm: aa71ff27fc2769a1b78a27578f13a17b -> 
  custom:container-demuxer-webm: 4f35f7cbe854078d1ac9338744f61a02 -> 
  custom:video-encoder-webm-vp8: eb34c28f22e8b96e1ab97ce403110664 -> 
  custom:audio-encoder-webm-vorbis: bf7c407c2cedff20999df2af8eb42d56 -> 
  custom:framework-win-MediaFoundation: 216162199b28c13a410421893ffa2e32 -> 
  custom:container-demuxer-ogg: 62fdf1f143b41e24485cea50d1cbac27 -> 
  custom:video-decoder-webm-vp8: 9c59270c3fd7afecdb556c50c9e8de78 -> 
  custom:audio-decoder-ogg-vorbis: bf7c407c2cedff20999df2af8eb42d56 -> 
========================================================================
Received Import Request.
  Time since last request: 868063.993292 seconds.
  path: Assets/_Scenes/Level_Design2.unity
  artifactKey: Guid(160cb1ede1f37b148a366c4e03d6a81e) Importer(815301076,1909f56bfc062723c751e8b465ee728b)
Start importing Assets/_Scenes/Level_Design2.unity using Guid(160cb1ede1f37b148a366c4e03d6a81e) Importer(815301076,1909f56bfc062723c751e8b465ee728b)  -> (artifact id: '4a836171063690c56f35b0cd72e2b557') in 0.019107 seconds 
========================================================================
Received Import Request.
  Time since last request: 136.661153 seconds.
  path: Assets/Prefabs/Archer Camp.prefab
  artifactKey: Guid(66e9a8c962fe1ab4cb7f155724bfcd84) Importer(815301076,1909f56bfc062723c751e8b465ee728b)
Start importing Assets/Prefabs/Archer Camp.prefab using Guid(66e9a8c962fe1ab4cb7f155724bfcd84) Importer(815301076,1909f56bfc062723c751e8b465ee728b)  -> (artifact id: 'f9636c67ec659647ac5fc734f4f4fdd6') in 0.279998 seconds 
========================================================================
Received Import Request.
  Time since last request: 0.000025 seconds.
  path: Assets/Prefabs/Mining Camp.prefab
  artifactKey: Guid(2fd93ed1c244816458efadcd48e527e1) Importer(815301076,1909f56bfc062723c751e8b465ee728b)
Start importing Assets/Prefabs/Mining Camp.prefab using Guid(2fd93ed1c244816458efadcd48e527e1) Importer(815301076,1909f56bfc062723c751e8b465ee728b)  -> (artifact id: '86b4ce03924811622c3657ff2c641543') in 0.254132 seconds 
========================================================================
Received Import Request.
  Time since last request: 0.000034 seconds.
  path: Assets/Prefabs/Infantry Camp.prefab
  artifactKey: Guid(0bb46cc01c016f54fa223b05cdd733ad) Importer(815301076,1909f56bfc062723c751e8b465ee728b)
Start importing Assets/Prefabs/Infantry Camp.prefab using Guid(0bb46cc01c016f54fa223b05cdd733ad) Importer(815301076,1909f56bfc062723c751e8b465ee728b)  -> (artifact id: 'f875f9a4824ff01c5e8f8feddc73726f') in 0.037406 seconds 
========================================================================
Received Import Request.
  Time since last request: 0.000028 seconds.
  path: Assets/Prefabs/Lumber Camp 1.prefab
  artifactKey: Guid(741a6b3509611c04a9dce726de832cb9) Importer(815301076,1909f56bfc062723c751e8b465ee728b)
Start importing Assets/Prefabs/Lumber Camp 1.prefab using Guid(741a6b3509611c04a9dce726de832cb9) Importer(815301076,1909f56bfc062723c751e8b465ee728b)  -> (artifact id: '941bb915cd83165f5e18a708fa04423b') in 0.082005 seconds 
========================================================================
Received Import Request.
  Time since last request: 5.909833 seconds.
  path: Assets/Prefabs/Village.prefab
  artifactKey: Guid(3a88c84605ce03a4a87395549d8c5283) Importer(815301076,1909f56bfc062723c751e8b465ee728b)
Start importing Assets/Prefabs/Village.prefab using Guid(3a88c84605ce03a4a87395549d8c5283) Importer(815301076,1909f56bfc062723c751e8b465ee728b)  -> (artifact id: '733fec41564f7d462f357dc4cfced0c3') in 5.041668 seconds 
========================================================================
Received Import Request.
  Time since last request: 15.617143 seconds.
  path: Assets/Suntail Village/Prefabs/Nature/Broadleaf_3.prefab
  artifactKey: Guid(18447c1c2bf433d45a3dda7119bcfb50) Importer(815301076,1909f56bfc062723c751e8b465ee728b)
Start importing Assets/Suntail Village/Prefabs/Nature/Broadleaf_3.prefab using Guid(18447c1c2bf433d45a3dda7119bcfb50) Importer(815301076,1909f56bfc062723c751e8b465ee728b)  -> (artifact id: '0479d43b51d4f865698fa4ff288bd099') in 0.710346 seconds 
========================================================================
Received Import Request.
  Time since last request: 168.371212 seconds.
  path: Assets/Materials/Stylized Grass.mat
  artifactKey: Guid(d34fef2010a12d8449e890fc7c4f3281) Importer(815301076,1909f56bfc062723c751e8b465ee728b)
Start importing Assets/Materials/Stylized Grass.mat using Guid(d34fef2010a12d8449e890fc7c4f3281) Importer(815301076,1909f56bfc062723c751e8b465ee728b)  -> (artifact id: 'd8dbc8eaff21c01d20e915c14b9fc49b') in 0.035585 seconds 
========================================================================
Received Import Request.
  Time since last request: 9.108558 seconds.
  path: Assets/Materials/stylized-grass1-unity
  artifactKey: Guid(528e5bcf4ee8dde4fb183eaed3a6a487) Importer(815301076,1909f56bfc062723c751e8b465ee728b)
Start importing Assets/Materials/stylized-grass1-unity using Guid(528e5bcf4ee8dde4fb183eaed3a6a487) Importer(815301076,1909f56bfc062723c751e8b465ee728b)  -> (artifact id: 'f1e3b4432338ec875363796d9d019eb8') in 0.006388 seconds 
========================================================================
Received Import Request.
  Time since last request: 0.025824 seconds.
  path: Assets/Materials/stylized-grass1-unity/stylized-grass1_albedo.png
  artifactKey: Guid(63bd9e38fb84ee142ae5d316545b78db) Importer(815301076,1909f56bfc062723c751e8b465ee728b)
Start importing Assets/Materials/stylized-grass1-unity/stylized-grass1_albedo.png using Guid(63bd9e38fb84ee142ae5d316545b78db) Importer(815301076,1909f56bfc062723c751e8b465ee728b)  -> (artifact id: 'bef39b05e8c95ebd42d91ad41f68d5ed') in 0.088078 seconds 
========================================================================
Received Import Request.
  Time since last request: 0.000033 seconds.
  path: Assets/Materials/stylized-grass1-unity/stylized-grass1_preview.jpg
  artifactKey: Guid(0d6b63a677db4ed4ba9d5e304eee4c41) Importer(815301076,1909f56bfc062723c751e8b465ee728b)
Start importing Assets/Materials/stylized-grass1-unity/stylized-grass1_preview.jpg using Guid(0d6b63a677db4ed4ba9d5e304eee4c41) Importer(815301076,1909f56bfc062723c751e8b465ee728b)  -> (artifact id: '60be40073e2480ef1ad7580233874e00') in 0.016849 seconds 
========================================================================
Received Import Request.
  Time since last request: 0.000046 seconds.
  path: Assets/Materials/stylized-grass1-unity/stylized-grass1_metallic.psd
  artifactKey: Guid(2592b45353362c34c8d9d9ea1b6a427d) Importer(815301076,1909f56bfc062723c751e8b465ee728b)
Start importing Assets/Materials/stylized-grass1-unity/stylized-grass1_metallic.psd using Guid(2592b45353362c34c8d9d9ea1b6a427d) Importer(815301076,1909f56bfc062723c751e8b465ee728b)  -> (artifact id: 'cba342ab24764d3d98a1bc84ead42bb2') in 0.047080 seconds 
========================================================================
Received Import Request.
  Time since last request: 292.236746 seconds.
  path: Assets/Materials/stylized-grass1-unity/stylized-grass1_normal-ogl.png
  artifactKey: Guid(524dd009bc6879a40a8ce7f220016add) Importer(815301076,1909f56bfc062723c751e8b465ee728b)
Start importing Assets/Materials/stylized-grass1-unity/stylized-grass1_normal-ogl.png using Guid(524dd009bc6879a40a8ce7f220016add) Importer(815301076,1909f56bfc062723c751e8b465ee728b)  -> (artifact id: '309fee8014973af42bf2e87552f49258') in 0.018227 seconds 
========================================================================
Received Prepare
Registering precompiled user dll's ...
Registered in 0.006380 seconds.
Begin MonoManager ReloadAssembly
Symbol file LoadedFromMemory doesn't match image D:\_School\CM2020 Agile Software Projects\Projects\Project Poi Level Design\Project Poi\Library\PackageCache\com.unity.visualscripting@1.7.8\Editor\VisualScripting.Core\Dependencies\YamlDotNet\Unity.VisualScripting.YamlDotNet.dll
Symbol file LoadedFromMemory doesn't match image D:\_School\CM2020 Agile Software Projects\Projects\Project Poi Level Design\Project Poi\Library\PackageCache\com.unity.visualscripting@1.7.8\Editor\VisualScripting.Core\Dependencies\DotNetZip\Unity.VisualScripting.IonicZip.dll
Native extension for WindowsStandalone target not found
Native extension for WebGL target not found
Refreshing native plugins compatible for Editor in 1.41 ms, found 3 plugins.
Preloading 0 native plugins for Editor in 0.00 ms.
Mono: successfully reloaded assembly
- Completed reload, in  1.306 seconds
Domain Reload Profiling:
	ReloadAssembly (1306ms)
		BeginReloadAssembly (186ms)
			ExecutionOrderSort (0ms)
			DisableScriptedObjects (11ms)
			BackupInstance (0ms)
			ReleaseScriptingObjects (0ms)
			CreateAndSetChildDomain (57ms)
		EndReloadAssembly (983ms)
			LoadAssemblies (115ms)
			RebuildTransferFunctionScriptingTraits (0ms)
			SetupTypeCache (301ms)
			ReleaseScriptCaches (2ms)
			RebuildScriptCaches (51ms)
			SetupLoadedEditorAssemblies (446ms)
				LogAssemblyErrors (0ms)
				InitializePlatformSupportModulesInManaged (14ms)
				SetLoadedEditorAssemblies (1ms)
				RefreshPlugins (1ms)
				BeforeProcessingInitializeOnLoad (87ms)
				ProcessInitializeOnLoadAttributes (236ms)
				ProcessInitializeOnLoadMethodAttributes (96ms)
				AfterProcessingInitializeOnLoad (10ms)
				EditorAssembliesLoaded (0ms)
			ExecutionOrderSort2 (0ms)
			AwakeInstancesAfterBackupRestoration (24ms)
Platform modules already initialized, skipping
Refreshing native plugins compatible for Editor in 2.56 ms, found 3 plugins.
Preloading 0 native plugins for Editor in 0.00 ms.
Unloading 4994 Unused Serialized files (Serialized files now loaded: 0)
Unloading 27 unused Assets / (311.1 KB). Loaded Objects now: 5751.
Memory consumption went from 235.1 MB to 234.8 MB.
Total: 5.051400 ms (FindLiveObjects: 0.553000 ms CreateObjectMapping: 0.498300 ms MarkObjects: 3.858900 ms  DeleteObjects: 0.139800 ms)

AssetImportParameters requested are different than current active one (requested -> active):
  custom:video-decoder-ogg-theora: a1e56fd34408186e4bbccfd4996cb3dc -> 
  custom:container-muxer-webm: aa71ff27fc2769a1b78a27578f13a17b -> 
  custom:container-demuxer-webm: 4f35f7cbe854078d1ac9338744f61a02 -> 
  custom:video-encoder-webm-vp8: eb34c28f22e8b96e1ab97ce403110664 -> 
  custom:audio-encoder-webm-vorbis: bf7c407c2cedff20999df2af8eb42d56 -> 
  custom:framework-win-MediaFoundation: 216162199b28c13a410421893ffa2e32 -> 
  custom:container-demuxer-ogg: 62fdf1f143b41e24485cea50d1cbac27 -> 
  custom:video-decoder-webm-vp8: 9c59270c3fd7afecdb556c50c9e8de78 -> 
  custom:audio-decoder-ogg-vorbis: bf7c407c2cedff20999df2af8eb42d56 -> 
========================================================================
Received Prepare
Registering precompiled user dll's ...
Registered in 0.006892 seconds.
Begin MonoManager ReloadAssembly
Symbol file LoadedFromMemory doesn't match image D:\_School\CM2020 Agile Software Projects\Projects\Project Poi Level Design\Project Poi\Library\PackageCache\com.unity.visualscripting@1.7.8\Editor\VisualScripting.Core\Dependencies\YamlDotNet\Unity.VisualScripting.YamlDotNet.dll
Symbol file LoadedFromMemory doesn't match image D:\_School\CM2020 Agile Software Projects\Projects\Project Poi Level Design\Project Poi\Library\PackageCache\com.unity.visualscripting@1.7.8\Editor\VisualScripting.Core\Dependencies\DotNetZip\Unity.VisualScripting.IonicZip.dll
Native extension for WindowsStandalone target not found
Native extension for WebGL target not found
Refreshing native plugins compatible for Editor in 0.94 ms, found 3 plugins.
Preloading 0 native plugins for Editor in 0.00 ms.
Mono: successfully reloaded assembly
- Completed reload, in  1.296 seconds
Domain Reload Profiling:
	ReloadAssembly (1297ms)
		BeginReloadAssembly (158ms)
			ExecutionOrderSort (0ms)
			DisableScriptedObjects (8ms)
			BackupInstance (0ms)
			ReleaseScriptingObjects (0ms)
			CreateAndSetChildDomain (49ms)
		EndReloadAssembly (998ms)
			LoadAssemblies (97ms)
			RebuildTransferFunctionScriptingTraits (0ms)
			SetupTypeCache (308ms)
			ReleaseScriptCaches (2ms)
			RebuildScriptCaches (48ms)
			SetupLoadedEditorAssemblies (457ms)
				LogAssemblyErrors (0ms)
				InitializePlatformSupportModulesInManaged (14ms)
				SetLoadedEditorAssemblies (1ms)
				RefreshPlugins (1ms)
				BeforeProcessingInitializeOnLoad (89ms)
				ProcessInitializeOnLoadAttributes (246ms)
				ProcessInitializeOnLoadMethodAttributes (95ms)
				AfterProcessingInitializeOnLoad (11ms)
				EditorAssembliesLoaded (0ms)
			ExecutionOrderSort2 (0ms)
			AwakeInstancesAfterBackupRestoration (22ms)
Platform modules already initialized, skipping
Refreshing native plugins compatible for Editor in 3.24 ms, found 3 plugins.
Preloading 0 native plugins for Editor in 0.00 ms.
Unloading 4993 Unused Serialized files (Serialized files now loaded: 0)
Unloading 25 unused Assets / (309.9 KB). Loaded Objects now: 5753.
Memory consumption went from 235.1 MB to 234.8 MB.
Total: 4.660500 ms (FindLiveObjects: 0.694500 ms CreateObjectMapping: 0.728200 ms MarkObjects: 3.163100 ms  DeleteObjects: 0.073200 ms)

AssetImportParameters requested are different than current active one (requested -> active):
  custom:video-decoder-ogg-theora: a1e56fd34408186e4bbccfd4996cb3dc -> 
  custom:container-muxer-webm: aa71ff27fc2769a1b78a27578f13a17b -> 
  custom:container-demuxer-webm: 4f35f7cbe854078d1ac9338744f61a02 -> 
  custom:video-encoder-webm-vp8: eb34c28f22e8b96e1ab97ce403110664 -> 
  custom:audio-encoder-webm-vorbis: bf7c407c2cedff20999df2af8eb42d56 -> 
  custom:framework-win-MediaFoundation: 216162199b28c13a410421893ffa2e32 -> 
  custom:container-demuxer-ogg: 62fdf1f143b41e24485cea50d1cbac27 -> 
  custom:video-decoder-webm-vp8: 9c59270c3fd7afecdb556c50c9e8de78 -> 
  custom:audio-decoder-ogg-vorbis: bf7c407c2cedff20999df2af8eb42d56 -> 
========================================================================
Received Prepare
Registering precompiled user dll's ...
Registered in 0.005120 seconds.
Begin MonoManager ReloadAssembly
Symbol file LoadedFromMemory doesn't match image D:\_School\CM2020 Agile Software Projects\Projects\Project Poi Level Design\Project Poi\Library\PackageCache\com.unity.visualscripting@1.7.8\Editor\VisualScripting.Core\Dependencies\YamlDotNet\Unity.VisualScripting.YamlDotNet.dll
Symbol file LoadedFromMemory doesn't match image D:\_School\CM2020 Agile Software Projects\Projects\Project Poi Level Design\Project Poi\Library\PackageCache\com.unity.visualscripting@1.7.8\Editor\VisualScripting.Core\Dependencies\DotNetZip\Unity.VisualScripting.IonicZip.dll
Native extension for WindowsStandalone target not found
Native extension for WebGL target not found
Refreshing native plugins compatible for Editor in 0.85 ms, found 3 plugins.
Preloading 0 native plugins for Editor in 0.00 ms.
Mono: successfully reloaded assembly
- Completed reload, in  1.080 seconds
Domain Reload Profiling:
	ReloadAssembly (1081ms)
		BeginReloadAssembly (153ms)
			ExecutionOrderSort (0ms)
			DisableScriptedObjects (6ms)
			BackupInstance (0ms)
			ReleaseScriptingObjects (0ms)
			CreateAndSetChildDomain (53ms)
		EndReloadAssembly (819ms)
			LoadAssemblies (85ms)
			RebuildTransferFunctionScriptingTraits (0ms)
			SetupTypeCache (249ms)
			ReleaseScriptCaches (2ms)
			RebuildScriptCaches (38ms)
			SetupLoadedEditorAssemblies (387ms)
				LogAssemblyErrors (0ms)
				InitializePlatformSupportModulesInManaged (12ms)
				SetLoadedEditorAssemblies (0ms)
				RefreshPlugins (1ms)
				BeforeProcessingInitializeOnLoad (73ms)
				ProcessInitializeOnLoadAttributes (203ms)
				ProcessInitializeOnLoadMethodAttributes (87ms)
				AfterProcessingInitializeOnLoad (9ms)
				EditorAssembliesLoaded (0ms)
			ExecutionOrderSort2 (0ms)
			AwakeInstancesAfterBackupRestoration (17ms)
Platform modules already initialized, skipping
Refreshing native plugins compatible for Editor in 1.88 ms, found 3 plugins.
Preloading 0 native plugins for Editor in 0.00 ms.
Unloading 4994 Unused Serialized files (Serialized files now loaded: 0)
Unloading 24 unused Assets / (309.9 KB). Loaded Objects now: 5757.
Memory consumption went from 235.1 MB to 234.8 MB.
Total: 3.186900 ms (FindLiveObjects: 0.395600 ms CreateObjectMapping: 0.330600 ms MarkObjects: 2.398300 ms  DeleteObjects: 0.061300 ms)

AssetImportParameters requested are different than current active one (requested -> active):
  custom:video-decoder-ogg-theora: a1e56fd34408186e4bbccfd4996cb3dc -> 
  custom:container-muxer-webm: aa71ff27fc2769a1b78a27578f13a17b -> 
  custom:container-demuxer-webm: 4f35f7cbe854078d1ac9338744f61a02 -> 
  custom:video-encoder-webm-vp8: eb34c28f22e8b96e1ab97ce403110664 -> 
  custom:audio-encoder-webm-vorbis: bf7c407c2cedff20999df2af8eb42d56 -> 
  custom:framework-win-MediaFoundation: 216162199b28c13a410421893ffa2e32 -> 
  custom:container-demuxer-ogg: 62fdf1f143b41e24485cea50d1cbac27 -> 
  custom:video-decoder-webm-vp8: 9c59270c3fd7afecdb556c50c9e8de78 -> 
  custom:audio-decoder-ogg-vorbis: bf7c407c2cedff20999df2af8eb42d56 -> 
========================================================================
Received Prepare
Registering precompiled user dll's ...
Registered in 0.007496 seconds.
Begin MonoManager ReloadAssembly
Symbol file LoadedFromMemory doesn't match image D:\_School\CM2020 Agile Software Projects\Projects\Project Poi Level Design\Project Poi\Library\PackageCache\com.unity.visualscripting@1.7.8\Editor\VisualScripting.Core\Dependencies\YamlDotNet\Unity.VisualScripting.YamlDotNet.dll
Symbol file LoadedFromMemory doesn't match image D:\_School\CM2020 Agile Software Projects\Projects\Project Poi Level Design\Project Poi\Library\PackageCache\com.unity.visualscripting@1.7.8\Editor\VisualScripting.Core\Dependencies\DotNetZip\Unity.VisualScripting.IonicZip.dll
Native extension for WindowsStandalone target not found
Native extension for WebGL target not found
Refreshing native plugins compatible for Editor in 0.88 ms, found 3 plugins.
Preloading 0 native plugins for Editor in 0.00 ms.
Mono: successfully reloaded assembly
- Completed reload, in  1.163 seconds
Domain Reload Profiling:
	ReloadAssembly (1164ms)
		BeginReloadAssembly (125ms)
			ExecutionOrderSort (0ms)
			DisableScriptedObjects (6ms)
			BackupInstance (0ms)
			ReleaseScriptingObjects (0ms)
			CreateAndSetChildDomain (35ms)
		EndReloadAssembly (945ms)
			LoadAssemblies (84ms)
			RebuildTransferFunctionScriptingTraits (0ms)
			SetupTypeCache (248ms)
			ReleaseScriptCaches (2ms)
			RebuildScriptCaches (47ms)
			SetupLoadedEditorAssemblies (473ms)
				LogAssemblyErrors (0ms)
				InitializePlatformSupportModulesInManaged (13ms)
				SetLoadedEditorAssemblies (0ms)
				RefreshPlugins (1ms)
				BeforeProcessingInitializeOnLoad (81ms)
				ProcessInitializeOnLoadAttributes (243ms)
				ProcessInitializeOnLoadMethodAttributes (123ms)
				AfterProcessingInitializeOnLoad (12ms)
				EditorAssembliesLoaded (0ms)
			ExecutionOrderSort2 (0ms)
			AwakeInstancesAfterBackupRestoration (24ms)
Platform modules already initialized, skipping
Refreshing native plugins compatible for Editor in 3.78 ms, found 3 plugins.
Preloading 0 native plugins for Editor in 0.00 ms.
Unloading 4994 Unused Serialized files (Serialized files now loaded: 0)
Unloading 24 unused Assets / (309.9 KB). Loaded Objects now: 5760.
Memory consumption went from 235.1 MB to 234.8 MB.
Total: 5.565900 ms (FindLiveObjects: 0.490300 ms CreateObjectMapping: 0.392300 ms MarkObjects: 4.610100 ms  DeleteObjects: 0.071800 ms)

AssetImportParameters requested are different than current active one (requested -> active):
  custom:video-decoder-ogg-theora: a1e56fd34408186e4bbccfd4996cb3dc -> 
  custom:container-muxer-webm: aa71ff27fc2769a1b78a27578f13a17b -> 
  custom:container-demuxer-webm: 4f35f7cbe854078d1ac9338744f61a02 -> 
  custom:video-encoder-webm-vp8: eb34c28f22e8b96e1ab97ce403110664 -> 
  custom:audio-encoder-webm-vorbis: bf7c407c2cedff20999df2af8eb42d56 -> 
  custom:framework-win-MediaFoundation: 216162199b28c13a410421893ffa2e32 -> 
  custom:container-demuxer-ogg: 62fdf1f143b41e24485cea50d1cbac27 -> 
  custom:video-decoder-webm-vp8: 9c59270c3fd7afecdb556c50c9e8de78 -> 
  custom:audio-decoder-ogg-vorbis: bf7c407c2cedff20999df2af8eb42d56 -> 
========================================================================
Received Import Request.
  Time since last request: 902.569690 seconds.
  path: Assets/Materials/BasicMat_Goal.mat
  artifactKey: Guid(f0fca3a3861e2fa43888e270d3ca4bd5) Importer(815301076,1909f56bfc062723c751e8b465ee728b)
Start importing Assets/Materials/BasicMat_Goal.mat using Guid(f0fca3a3861e2fa43888e270d3ca4bd5) Importer(815301076,1909f56bfc062723c751e8b465ee728b)  -> (artifact id: 'af22c98df72befc381fe53bc722d9405') in 1.888061 seconds 
========================================================================
Received Import Request.
  Time since last request: 9.076279 seconds.
  path: Assets/Materials/Stylized Skybox.mat
  artifactKey: Guid(bb94d38538c3f8149841b11f34ca4884) Importer(815301076,1909f56bfc062723c751e8b465ee728b)
Start importing Assets/Materials/Stylized Skybox.mat using Guid(bb94d38538c3f8149841b11f34ca4884) Importer(815301076,1909f56bfc062723c751e8b465ee728b)  -> (artifact id: 'e4e86279352831ea81dd3d028d3fdec0') in 0.039099 seconds 
========================================================================
Received Import Request.
  Time since last request: 27.872694 seconds.
  path: Assets/Free Stylized Skybox/CubeMap
  artifactKey: Guid(8f1c5a5cb73b94a419410c4554e1dd97) Importer(815301076,1909f56bfc062723c751e8b465ee728b)
Start importing Assets/Free Stylized Skybox/CubeMap using Guid(8f1c5a5cb73b94a419410c4554e1dd97) Importer(815301076,1909f56bfc062723c751e8b465ee728b)  -> (artifact id: '2fc531a83dc13fbf452b85b3cdda905a') in 0.005829 seconds 
========================================================================
Received Import Request.
  Time since last request: 2.752795 seconds.
  path: Assets/Free Stylized Skybox/CubeMap/Materials
  artifactKey: Guid(19743084541fd7f4eb15d11302fbc857) Importer(815301076,1909f56bfc062723c751e8b465ee728b)
Start importing Assets/Free Stylized Skybox/CubeMap/Materials using Guid(19743084541fd7f4eb15d11302fbc857) Importer(815301076,1909f56bfc062723c751e8b465ee728b)  -> (artifact id: 'e3d2180afcba348412796fc13eb3790e') in 0.005596 seconds 
========================================================================
Received Import Request.
  Time since last request: 0.103984 seconds.
  path: Assets/Free Stylized Skybox/CubeMap/Materials/Sky_Anime_03_Day_a.mat
  artifactKey: Guid(55e64e617a8bfff4ba846574e2651eb9) Importer(815301076,1909f56bfc062723c751e8b465ee728b)
Start importing Assets/Free Stylized Skybox/CubeMap/Materials/Sky_Anime_03_Day_a.mat using Guid(55e64e617a8bfff4ba846574e2651eb9) Importer(815301076,1909f56bfc062723c751e8b465ee728b)  -> (artifact id: '33ce5826448049472ebff7656f9565eb') in 0.258083 seconds 
========================================================================
Received Import Request.
  Time since last request: 0.000035 seconds.
  path: Assets/Free Stylized Skybox/CubeMap/Materials/Sky_LowPoly_02_Night_a.mat
  artifactKey: Guid(c1c961cbd00909b45b34d97fd7df5cbf) Importer(815301076,1909f56bfc062723c751e8b465ee728b)
Start importing Assets/Free Stylized Skybox/CubeMap/Materials/Sky_LowPoly_02_Night_a.mat using Guid(c1c961cbd00909b45b34d97fd7df5cbf) Importer(815301076,1909f56bfc062723c751e8b465ee728b)  -> (artifact id: 'dff6611c6cc8748c2dc8ee762ab0598b') in 0.129949 seconds 
========================================================================
Received Import Request.
  Time since last request: 0.000036 seconds.
  path: Assets/Free Stylized Skybox/CubeMap/Materials/Sky_Anime_18_day_a.mat
  artifactKey: Guid(b2f1a98efccfb644f8e084200a249527) Importer(815301076,1909f56bfc062723c751e8b465ee728b)
Start importing Assets/Free Stylized Skybox/CubeMap/Materials/Sky_Anime_18_day_a.mat using Guid(b2f1a98efccfb644f8e084200a249527) Importer(815301076,1909f56bfc062723c751e8b465ee728b)  -> (artifact id: '9eca8a896630b41fb48f257c91c8b4ad') in 0.273523 seconds 
========================================================================
Received Import Request.
  Time since last request: 0.000033 seconds.
  path: Assets/Free Stylized Skybox/CubeMap/Materials/Sky_LowPoly_01_Day_a.mat
  artifactKey: Guid(133347283e115d147a5fcce7f47a538f) Importer(815301076,1909f56bfc062723c751e8b465ee728b)
Start importing Assets/Free Stylized Skybox/CubeMap/Materials/Sky_LowPoly_01_Day_a.mat using Guid(133347283e115d147a5fcce7f47a538f) Importer(815301076,1909f56bfc062723c751e8b465ee728b)  -> (artifact id: '3e625ce346b079f379781e1621e945a9') in 0.097800 seconds 
========================================================================
Received Import Request.
  Time since last request: 29.085585 seconds.
  path: Assets/Suntail Village/Materials/Environment/Shop_2.mat
  artifactKey: Guid(a58f6dd747d2b1a4e85c153910b4c3e2) Importer(815301076,1909f56bfc062723c751e8b465ee728b)
Start importing Assets/Suntail Village/Materials/Environment/Shop_2.mat using Guid(a58f6dd747d2b1a4e85c153910b4c3e2) Importer(815301076,1909f56bfc062723c751e8b465ee728b)  -> (artifact id: '63bbd1c76b142c48fdee9389c0616675') in 0.153244 seconds 
========================================================================
Received Import Request.
  Time since last request: 0.000038 seconds.
  path: Assets/Free Stylized Skybox/Panoramic/Materials/Sky_Anime_15_Day_a.mat
  artifactKey: Guid(d04fa9ef91692c6429efccdf42970c46) Importer(815301076,1909f56bfc062723c751e8b465ee728b)
Start importing Assets/Free Stylized Skybox/Panoramic/Materials/Sky_Anime_15_Day_a.mat using Guid(d04fa9ef91692c6429efccdf42970c46) Importer(815301076,1909f56bfc062723c751e8b465ee728b)  -> (artifact id: 'f670117b4f019272f7c74e918c991328') in 0.233051 seconds 
========================================================================
Received Import Request.
  Time since last request: 0.000040 seconds.
  path: Assets/Free Stylized Skybox/Panoramic/Materials/Sky_Anime_18_day_a.mat
  artifactKey: Guid(f9ec1c0318dcc3149b0e9ae62a6d8cdf) Importer(815301076,1909f56bfc062723c751e8b465ee728b)
Start importing Assets/Free Stylized Skybox/Panoramic/Materials/Sky_Anime_18_day_a.mat using Guid(f9ec1c0318dcc3149b0e9ae62a6d8cdf) Importer(815301076,1909f56bfc062723c751e8b465ee728b)  -> (artifact id: 'c1c54c73ffd70592a55bfa164b06810a') in 0.128042 seconds 
========================================================================
Received Import Request.
  Time since last request: 0.523793 seconds.
  path: Assets/Free Stylized Skybox/Panoramic/Materials/Sky_LowPoly_01_Day_a.mat
  artifactKey: Guid(6abe918ee1229b34f8557fc2a5a39825) Importer(815301076,1909f56bfc062723c751e8b465ee728b)
Start importing Assets/Free Stylized Skybox/Panoramic/Materials/Sky_LowPoly_01_Day_a.mat using Guid(6abe918ee1229b34f8557fc2a5a39825) Importer(815301076,1909f56bfc062723c751e8b465ee728b)  -> (artifact id: '12c59761a25808200d2b65c931187a0f') in 0.149181 seconds 
========================================================================
Received Import Request.
  Time since last request: 0.288000 seconds.
  path: Assets/Suntail Village/Materials/Environment/Smelter.mat
  artifactKey: Guid(c1b76dd874748334d803e1f60d09b074) Importer(815301076,1909f56bfc062723c751e8b465ee728b)
Start importing Assets/Suntail Village/Materials/Environment/Smelter.mat using Guid(c1b76dd874748334d803e1f60d09b074) Importer(815301076,1909f56bfc062723c751e8b465ee728b)  -> (artifact id: '390326d15e13a4c66d5dbdd3c88b8a4c') in 0.333541 seconds 
========================================================================
Received Import Request.
  Time since last request: 0.035893 seconds.
  path: Assets/Suntail Village/Materials/Nature/Stone_1.mat
  artifactKey: Guid(a9b61887a4f5fb4498a6ad414e010f97) Importer(815301076,1909f56bfc062723c751e8b465ee728b)
Start importing Assets/Suntail Village/Materials/Nature/Stone_1.mat using Guid(a9b61887a4f5fb4498a6ad414e010f97) Importer(815301076,1909f56bfc062723c751e8b465ee728b)  -> (artifact id: '8b478cf6fe3872702ee2f8c92dd24909') in 0.203198 seconds 
========================================================================
Received Import Request.
  Time since last request: 0.000030 seconds.
  path: Assets/Suntail Village/Materials/Nature/Stone_3.mat
  artifactKey: Guid(2012aab475a89ea4d9bcd12ff9f101da) Importer(815301076,1909f56bfc062723c751e8b465ee728b)
Start importing Assets/Suntail Village/Materials/Nature/Stone_3.mat using Guid(2012aab475a89ea4d9bcd12ff9f101da) Importer(815301076,1909f56bfc062723c751e8b465ee728b)  -> (artifact id: 'ce416cbde71fe784044095d4f856373d') in 0.050186 seconds 
========================================================================
Received Import Request.
  Time since last request: 0.000038 seconds.
  path: Assets/Materials/stylized-grass1-unity/Stylized Grass.mat
  artifactKey: Guid(d34fef2010a12d8449e890fc7c4f3281) Importer(815301076,1909f56bfc062723c751e8b465ee728b)
Start importing Assets/Materials/stylized-grass1-unity/Stylized Grass.mat using Guid(d34fef2010a12d8449e890fc7c4f3281) Importer(815301076,1909f56bfc062723c751e8b465ee728b)  -> (artifact id: '39222caa095de42722d22ee0ea512fec') in 2.688597 seconds 
========================================================================
Received Import Request.
  Time since last request: 0.000032 seconds.
  path: Assets/Suntail Village/Materials/Props/Tableware.mat
  artifactKey: Guid(c9d7fe51e9106674ba6ab3a35ee2bd60) Importer(815301076,1909f56bfc062723c751e8b465ee728b)
Start importing Assets/Suntail Village/Materials/Props/Tableware.mat using Guid(c9d7fe51e9106674ba6ab3a35ee2bd60) Importer(815301076,1909f56bfc062723c751e8b465ee728b)  -> (artifact id: '2081641b5cf2884d3bce5f1dfbe85576') in 0.016887 seconds 
========================================================================
Received Import Request.
  Time since last request: 0.093979 seconds.
  path: Assets/Cartoon_Texture_Pack/ROOF/ROOF_RoundTile_Bump/Materials/UnderRoof_RoundTile_Bump_B.mat
  artifactKey: Guid(ea88ea14a82c60c419cfa79f7bf0ef00) Importer(815301076,1909f56bfc062723c751e8b465ee728b)
Start importing Assets/Cartoon_Texture_Pack/ROOF/ROOF_RoundTile_Bump/Materials/UnderRoof_RoundTile_Bump_B.mat using Guid(ea88ea14a82c60c419cfa79f7bf0ef00) Importer(815301076,1909f56bfc062723c751e8b465ee728b)  -> (artifact id: 'd8175d06f1d522d0edb17b82feff1f59') in 0.064624 seconds 
========================================================================
Received Import Request.
  Time since last request: 0.000034 seconds.
  path: Assets/Cartoon_Texture_Pack/ROOF/ROOF_RoundTile_Flat/Materials/UnderRoof_RoundTile_Flat_C.mat
  artifactKey: Guid(a6c87368358358d43b75c9746652f030) Importer(815301076,1909f56bfc062723c751e8b465ee728b)
Start importing Assets/Cartoon_Texture_Pack/ROOF/ROOF_RoundTile_Flat/Materials/UnderRoof_RoundTile_Flat_C.mat using Guid(a6c87368358358d43b75c9746652f030) Importer(815301076,1909f56bfc062723c751e8b465ee728b)  -> (artifact id: 'fd437f6c09659c3e9f7f073e65454963') in 0.029208 seconds 
========================================================================
Received Import Request.
  Time since last request: 0.000024 seconds.
  path: Assets/Cartoon_Texture_Pack/ROOF/ROOF_RoundTile_Bump/Materials/UnderRoof_RoundTile_Bump_D.mat
  artifactKey: Guid(41ad39fa4b7eb0342a47f123742a5a79) Importer(815301076,1909f56bfc062723c751e8b465ee728b)
Start importing Assets/Cartoon_Texture_Pack/ROOF/ROOF_RoundTile_Bump/Materials/UnderRoof_RoundTile_Bump_D.mat using Guid(41ad39fa4b7eb0342a47f123742a5a79) Importer(815301076,1909f56bfc062723c751e8b465ee728b)  -> (artifact id: '8db4f9174a95f87161a862e5b31b11ef') in 0.031679 seconds 
========================================================================
Received Import Request.
  Time since last request: 0.258767 seconds.
  path: Assets/Cartoon_Texture_Pack/ROOF/ROOF_RoundTile_Flat/Materials/UnderRoof_RoundTile_Flat_D.mat
  artifactKey: Guid(1f00188ca679e3a4b859350ac4f262e0) Importer(815301076,1909f56bfc062723c751e8b465ee728b)
Start importing Assets/Cartoon_Texture_Pack/ROOF/ROOF_RoundTile_Flat/Materials/UnderRoof_RoundTile_Flat_D.mat using Guid(1f00188ca679e3a4b859350ac4f262e0) Importer(815301076,1909f56bfc062723c751e8b465ee728b)  -> (artifact id: '569503826c9caf759b4d5f1a723c4abb') in 0.033182 seconds 
========================================================================
Received Import Request.
  Time since last request: 0.023061 seconds.
  path: Assets/Cartoon_Texture_Pack/ROOF/ROOF_SquareTile_Bump/Materials/UnderRoof_SquareTile_Bump_B.mat
  artifactKey: Guid(0fdacde802ad6a54f911396eaec3d5f7) Importer(815301076,1909f56bfc062723c751e8b465ee728b)
Start importing Assets/Cartoon_Texture_Pack/ROOF/ROOF_SquareTile_Bump/Materials/UnderRoof_SquareTile_Bump_B.mat using Guid(0fdacde802ad6a54f911396eaec3d5f7) Importer(815301076,1909f56bfc062723c751e8b465ee728b)  -> (artifact id: 'b365a08472da206b249e1c298f2bd62c') in 0.033221 seconds 
========================================================================
Received Import Request.
  Time since last request: 0.000031 seconds.
  path: Assets/Cartoon_Texture_Pack/ROOF/ROOF_SquareTile_Flat/Materials/UnderRoof_SquareTile_Flat_A.mat
  artifactKey: Guid(ca667fff105c2f04caec0014dea9eacb) Importer(815301076,1909f56bfc062723c751e8b465ee728b)
Start importing Assets/Cartoon_Texture_Pack/ROOF/ROOF_SquareTile_Flat/Materials/UnderRoof_SquareTile_Flat_A.mat using Guid(ca667fff105c2f04caec0014dea9eacb) Importer(815301076,1909f56bfc062723c751e8b465ee728b)  -> (artifact id: '13d2b73ee26f27c6d914aeec92ebfa28') in 0.024896 seconds 
========================================================================
Received Import Request.
  Time since last request: 0.873350 seconds.
  path: Assets/Cartoon_Texture_Pack/ROOF/ROOF_SquareTile_Flat/Materials/UnderRoof_SquareTile_Flat_B.mat
  artifactKey: Guid(82f17d060ec62e84c96155c2b40f2df3) Importer(815301076,1909f56bfc062723c751e8b465ee728b)
Start importing Assets/Cartoon_Texture_Pack/ROOF/ROOF_SquareTile_Flat/Materials/UnderRoof_SquareTile_Flat_B.mat using Guid(82f17d060ec62e84c96155c2b40f2df3) Importer(815301076,1909f56bfc062723c751e8b465ee728b)  -> (artifact id: '082c88c22552315b8397b5923cd4c95c') in 0.031127 seconds 
========================================================================
Received Import Request.
  Time since last request: 268.774574 seconds.
  path: Assets/Suntail Village/Terrain Layers/Grass_2.terrainlayer
  artifactKey: Guid(d3a85d85f48a46743af6c8543bbdfda5) Importer(815301076,1909f56bfc062723c751e8b465ee728b)
Start importing Assets/Suntail Village/Terrain Layers/Grass_2.terrainlayer using Guid(d3a85d85f48a46743af6c8543bbdfda5) Importer(815301076,1909f56bfc062723c751e8b465ee728b)  -> (artifact id: 'bdaa48bc8753dd7b11cbe55eca591d17') in 0.147219 seconds 
========================================================================
Received Import Request.
  Time since last request: 17.742036 seconds.
  path: Assets/Cartoon_Texture_Pack/GRASS
  artifactKey: Guid(7678495fd012edc439fb5528125d6c99) Importer(815301076,1909f56bfc062723c751e8b465ee728b)
Start importing Assets/Cartoon_Texture_Pack/GRASS using Guid(7678495fd012edc439fb5528125d6c99) Importer(815301076,1909f56bfc062723c751e8b465ee728b)  -> (artifact id: '66e56a182f82ce2920d0e37f2f922563') in 0.016145 seconds 
========================================================================
Received Import Request.
  Time since last request: 2.109204 seconds.
  path: Assets/Cartoon_Texture_Pack/GRASS/GRASS_Dense
  artifactKey: Guid(c59516d0dd3db7945867e5751f80f3b2) Importer(815301076,1909f56bfc062723c751e8b465ee728b)
Start importing Assets/Cartoon_Texture_Pack/GRASS/GRASS_Dense using Guid(c59516d0dd3db7945867e5751f80f3b2) Importer(815301076,1909f56bfc062723c751e8b465ee728b)  -> (artifact id: '895c2344514636c2725a0cafb654dd09') in 0.014709 seconds 
========================================================================
Received Import Request.
  Time since last request: 0.544257 seconds.
  path: Assets/Cartoon_Texture_Pack/GRASS/GRASS_Flower
  artifactKey: Guid(52f58f2077124fb488002590e3283fa3) Importer(815301076,1909f56bfc062723c751e8b465ee728b)
Start importing Assets/Cartoon_Texture_Pack/GRASS/GRASS_Flower using Guid(52f58f2077124fb488002590e3283fa3) Importer(815301076,1909f56bfc062723c751e8b465ee728b)  -> (artifact id: '11e2c3dcccfc6249a03fdb69e5489a1b') in 0.020871 seconds 
========================================================================
Received Import Request.
  Time since last request: 1.210141 seconds.
  path: Assets/Cartoon_Texture_Pack/GRASS/GRASS_Flower/GRASS_Flower_Tint_01
  artifactKey: Guid(5983db29cdf6fd54594c809a4ddb832d) Importer(815301076,1909f56bfc062723c751e8b465ee728b)
Start importing Assets/Cartoon_Texture_Pack/GRASS/GRASS_Flower/GRASS_Flower_Tint_01 using Guid(5983db29cdf6fd54594c809a4ddb832d) Importer(815301076,1909f56bfc062723c751e8b465ee728b)  -> (artifact id: '885b545c4b917f23c903c212c1aeed24') in 0.006984 seconds 
========================================================================
Received Import Request.
  Time since last request: 2.044779 seconds.
  path: Assets/Cartoon_Texture_Pack/GRASS/GRASS_Flower/GRASS_Flower_Tint_01/Texture
  artifactKey: Guid(3ec1619ed0b177d43a61a3ecde583f9e) Importer(815301076,1909f56bfc062723c751e8b465ee728b)
Start importing Assets/Cartoon_Texture_Pack/GRASS/GRASS_Flower/GRASS_Flower_Tint_01/Texture using Guid(3ec1619ed0b177d43a61a3ecde583f9e) Importer(815301076,1909f56bfc062723c751e8b465ee728b)  -> (artifact id: '1037e49986bb41ea0545978577c52c8a') in 0.006769 seconds 
========================================================================
Received Import Request.
  Time since last request: 0.056532 seconds.
  path: Assets/Cartoon_Texture_Pack/GRASS/GRASS_Flower/GRASS_Flower_Tint_01/Texture/Grass_Flower_Tint_01_Base_AO.png
  artifactKey: Guid(d44b96bea76dbd8449f8a75a6be91383) Importer(815301076,1909f56bfc062723c751e8b465ee728b)
Start importing Assets/Cartoon_Texture_Pack/GRASS/GRASS_Flower/GRASS_Flower_Tint_01/Texture/Grass_Flower_Tint_01_Base_AO.png using Guid(d44b96bea76dbd8449f8a75a6be91383) Importer(815301076,1909f56bfc062723c751e8b465ee728b)  -> (artifact id: '87156c9be9ef8ee7ecaba6c1e3033d02') in 0.074175 seconds 
========================================================================
Received Import Request.
  Time since last request: 0.000030 seconds.
  path: Assets/Cartoon_Texture_Pack/GRASS/GRASS_Flower/GRASS_Flower_Tint_01/Texture/Grass_Flower_Tint_01_FlowerRed_A_Basecolor.png
  artifactKey: Guid(07f44d4cc88d7a14e9ef3821380ae9c6) Importer(815301076,1909f56bfc062723c751e8b465ee728b)
Start importing Assets/Cartoon_Texture_Pack/GRASS/GRASS_Flower/GRASS_Flower_Tint_01/Texture/Grass_Flower_Tint_01_FlowerRed_A_Basecolor.png using Guid(07f44d4cc88d7a14e9ef3821380ae9c6) Importer(815301076,1909f56bfc062723c751e8b465ee728b)  -> (artifact id: 'fd1fd0580aaec5e3e4b628dd6ebfc1bf') in 0.060134 seconds 
========================================================================
Received Import Request.
  Time since last request: 0.000043 seconds.
  path: Assets/Cartoon_Texture_Pack/GRASS/GRASS_Flower/GRASS_Flower_Tint_01/Texture/Grass_Flower_Tint_01_FlowerRed_B_Basecolor.png
  artifactKey: Guid(fca5ccfbfb5acfc49bda94d2353c2268) Importer(815301076,1909f56bfc062723c751e8b465ee728b)
Start importing Assets/Cartoon_Texture_Pack/GRASS/GRASS_Flower/GRASS_Flower_Tint_01/Texture/Grass_Flower_Tint_01_FlowerRed_B_Basecolor.png using Guid(fca5ccfbfb5acfc49bda94d2353c2268) Importer(815301076,1909f56bfc062723c751e8b465ee728b)  -> (artifact id: '04ec6fac8b692e20b6e3ced61d6ec897') in 0.079704 seconds 
========================================================================
Received Import Request.
  Time since last request: 0.000052 seconds.
  path: Assets/Cartoon_Texture_Pack/GRASS/GRASS_Flower/GRASS_Flower_Tint_01/Texture/Grass_Flower_Tint_01_FlowerBlue_B_Metallic.png
  artifactKey: Guid(f1453e85cf1aa0342bdfa987cf394192) Importer(815301076,1909f56bfc062723c751e8b465ee728b)
Start importing Assets/Cartoon_Texture_Pack/GRASS/GRASS_Flower/GRASS_Flower_Tint_01/Texture/Grass_Flower_Tint_01_FlowerBlue_B_Metallic.png using Guid(f1453e85cf1aa0342bdfa987cf394192) Importer(815301076,1909f56bfc062723c751e8b465ee728b)  -> (artifact id: 'fec3b9a95483f2f69cc0458f4c4a36ba') in 0.112475 seconds 
========================================================================
Received Import Request.
  Time since last request: 0.000034 seconds.
  path: Assets/Cartoon_Texture_Pack/GRASS/GRASS_Flower/GRASS_Flower_Tint_01/Texture/Grass_Flower_Tint_01_FlowerPurple_B_Normal.png
  artifactKey: Guid(60825a4423c40224e8c76c63d13bd352) Importer(815301076,1909f56bfc062723c751e8b465ee728b)
Start importing Assets/Cartoon_Texture_Pack/GRASS/GRASS_Flower/GRASS_Flower_Tint_01/Texture/Grass_Flower_Tint_01_FlowerPurple_B_Normal.png using Guid(60825a4423c40224e8c76c63d13bd352) Importer(815301076,1909f56bfc062723c751e8b465ee728b)  -> (artifact id: '9a96146e5933829ad569b461a675f2a7') in 0.097866 seconds 
========================================================================
Received Import Request.
  Time since last request: 0.000058 seconds.
  path: Assets/Cartoon_Texture_Pack/GRASS/GRASS_Flower/GRASS_Flower_Tint_01/Texture/Grass_Flower_Tint_01_FlowerPurple_A_AO.png
  artifactKey: Guid(cf6f0536a00d5cd46968cb159767635e) Importer(815301076,1909f56bfc062723c751e8b465ee728b)
Start importing Assets/Cartoon_Texture_Pack/GRASS/GRASS_Flower/GRASS_Flower_Tint_01/Texture/Grass_Flower_Tint_01_FlowerPurple_A_AO.png using Guid(cf6f0536a00d5cd46968cb159767635e) Importer(815301076,1909f56bfc062723c751e8b465ee728b)  -> (artifact id: '7c0b7a08766c4451319f929a274834d2') in 0.128774 seconds 
========================================================================
Received Import Request.
  Time since last request: 0.000036 seconds.
  path: Assets/Cartoon_Texture_Pack/GRASS/GRASS_Flower/GRASS_Flower_Tint_01/Texture/Grass_Flower_Tint_01_FlowerBlue_B_AO.png
  artifactKey: Guid(c4f9b58164d9960459d4a81486d4cab0) Importer(815301076,1909f56bfc062723c751e8b465ee728b)
Start importing Assets/Cartoon_Texture_Pack/GRASS/GRASS_Flower/GRASS_Flower_Tint_01/Texture/Grass_Flower_Tint_01_FlowerBlue_B_AO.png using Guid(c4f9b58164d9960459d4a81486d4cab0) Importer(815301076,1909f56bfc062723c751e8b465ee728b)  -> (artifact id: '828ecf8b42fa02bc9ae72ad0e1262e63') in 0.074043 seconds 
========================================================================
Received Import Request.
  Time since last request: 0.000028 seconds.
  path: Assets/Cartoon_Texture_Pack/GRASS/GRASS_Flower/GRASS_Flower_Tint_01/Texture/Grass_Flower_Tint_01_FlowerRed_B_Height.png
  artifactKey: Guid(490e6219c890a154fac130f6c9070c6b) Importer(815301076,1909f56bfc062723c751e8b465ee728b)
Start importing Assets/Cartoon_Texture_Pack/GRASS/GRASS_Flower/GRASS_Flower_Tint_01/Texture/Grass_Flower_Tint_01_FlowerRed_B_Height.png using Guid(490e6219c890a154fac130f6c9070c6b) Importer(815301076,1909f56bfc062723c751e8b465ee728b)  -> (artifact id: 'b1cd5ba17cd346093b36ddf0c8b841b2') in 0.095048 seconds 
========================================================================
Received Import Request.
  Time since last request: 0.000032 seconds.
  path: Assets/Cartoon_Texture_Pack/GRASS/GRASS_Flower/GRASS_Flower_Tint_01/Texture/Grass_Flower_Tint_01_FlowerYellow_A_Basecolor.png
  artifactKey: Guid(de351dd85f0dd0440be0d8e36566d064) Importer(815301076,1909f56bfc062723c751e8b465ee728b)
Start importing Assets/Cartoon_Texture_Pack/GRASS/GRASS_Flower/GRASS_Flower_Tint_01/Texture/Grass_Flower_Tint_01_FlowerYellow_A_Basecolor.png using Guid(de351dd85f0dd0440be0d8e36566d064) Importer(815301076,1909f56bfc062723c751e8b465ee728b)  -> (artifact id: '3aae2a3e8137cd0d65f19590780fd63c') in 0.109452 seconds 
========================================================================
Received Import Request.
  Time since last request: 0.000024 seconds.
  path: Assets/Cartoon_Texture_Pack/GRASS/GRASS_Flower/GRASS_Flower_Tint_01/Texture/Grass_Flower_Tint_01_FlowerBlue_A_Basecolor.png
  artifactKey: Guid(8254f5ff1e3225c4a8c34c3054086ad3) Importer(815301076,1909f56bfc062723c751e8b465ee728b)
Start importing Assets/Cartoon_Texture_Pack/GRASS/GRASS_Flower/GRASS_Flower_Tint_01/Texture/Grass_Flower_Tint_01_FlowerBlue_A_Basecolor.png using Guid(8254f5ff1e3225c4a8c34c3054086ad3) Importer(815301076,1909f56bfc062723c751e8b465ee728b)  -> (artifact id: '8405425bddfe17759574363b131ae661') in 0.091826 seconds 
========================================================================
Received Import Request.
  Time since last request: 0.000028 seconds.
  path: Assets/Cartoon_Texture_Pack/GRASS/GRASS_Flower/GRASS_Flower_Tint_01/Texture/Grass_Flower_Tint_01_FlowerYellow_B_Normal.png
  artifactKey: Guid(deb4b1be1cede2f4289842a491ef0a4f) Importer(815301076,1909f56bfc062723c751e8b465ee728b)
Start importing Assets/Cartoon_Texture_Pack/GRASS/GRASS_Flower/GRASS_Flower_Tint_01/Texture/Grass_Flower_Tint_01_FlowerYellow_B_Normal.png using Guid(deb4b1be1cede2f4289842a491ef0a4f) Importer(815301076,1909f56bfc062723c751e8b465ee728b)  -> (artifact id: '57ca7254e5e970a9350bb790de2dff7d') in 0.130117 seconds 
========================================================================
Received Import Request.
  Time since last request: 0.000029 seconds.
  path: Assets/Cartoon_Texture_Pack/GRASS/GRASS_Flower/GRASS_Flower_Tint_01/Texture/Grass_Flower_Tint_01_FlowerYellow_A_Metallic.png
  artifactKey: Guid(2fd6e2c1246b0d84c836ff94a38896d7) Importer(815301076,1909f56bfc062723c751e8b465ee728b)
Start importing Assets/Cartoon_Texture_Pack/GRASS/GRASS_Flower/GRASS_Flower_Tint_01/Texture/Grass_Flower_Tint_01_FlowerYellow_A_Metallic.png using Guid(2fd6e2c1246b0d84c836ff94a38896d7) Importer(815301076,1909f56bfc062723c751e8b465ee728b)  -> (artifact id: 'd1a06b95eafc31ab369464de44a6492a') in 0.125694 seconds 
========================================================================
Received Import Request.
  Time since last request: 0.000035 seconds.
  path: Assets/Cartoon_Texture_Pack/GRASS/GRASS_Flower/GRASS_Flower_Tint_01/Texture/Grass_Flower_Tint_01_FlowerRed_A_AO.png
  artifactKey: Guid(72f3065df19e9cb49a77a4ccb8c5cca1) Importer(815301076,1909f56bfc062723c751e8b465ee728b)
Start importing Assets/Cartoon_Texture_Pack/GRASS/GRASS_Flower/GRASS_Flower_Tint_01/Texture/Grass_Flower_Tint_01_FlowerRed_A_AO.png using Guid(72f3065df19e9cb49a77a4ccb8c5cca1) Importer(815301076,1909f56bfc062723c751e8b465ee728b)  -> (artifact id: 'b16e6465b3d7e5477a1a3252ae23e9ec') in 0.080530 seconds 
========================================================================
Received Import Request.
  Time since last request: 0.000077 seconds.
  path: Assets/Cartoon_Texture_Pack/GRASS/GRASS_Flower/GRASS_Flower_Tint_01/Texture/Grass_Flower_Tint_01_FlowerPurple_B_AO.png
  artifactKey: Guid(b65a30d45c64b1f44abd337123d7ec01) Importer(815301076,1909f56bfc062723c751e8b465ee728b)
Start importing Assets/Cartoon_Texture_Pack/GRASS/GRASS_Flower/GRASS_Flower_Tint_01/Texture/Grass_Flower_Tint_01_FlowerPurple_B_AO.png using Guid(b65a30d45c64b1f44abd337123d7ec01) Importer(815301076,1909f56bfc062723c751e8b465ee728b)  -> (artifact id: '5de453e3348c43964d6775422f1691c9') in 0.163561 seconds 
========================================================================
Received Import Request.
  Time since last request: 0.000027 seconds.
  path: Assets/Cartoon_Texture_Pack/GRASS/GRASS_Flower/GRASS_Flower_Tint_01/Texture/Grass_Flower_Tint_01_FlowerPurple_A_Basecolor.png
  artifactKey: Guid(ac83f026f611fb248850f7e282af4037) Importer(815301076,1909f56bfc062723c751e8b465ee728b)
Start importing Assets/Cartoon_Texture_Pack/GRASS/GRASS_Flower/GRASS_Flower_Tint_01/Texture/Grass_Flower_Tint_01_FlowerPurple_A_Basecolor.png using Guid(ac83f026f611fb248850f7e282af4037) Importer(815301076,1909f56bfc062723c751e8b465ee728b)  -> (artifact id: 'ad4564660df725d4c7ad9160928b1cc6') in 0.075846 seconds 
========================================================================
Received Import Request.
  Time since last request: 0.000043 seconds.
  path: Assets/Cartoon_Texture_Pack/GRASS/GRASS_Flower/GRASS_Flower_Tint_01/Texture/Grass_Flower_Tint_01_FlowerYellow_A_Height.png
  artifactKey: Guid(b8985964be00d1c43be3ade2821e2c3a) Importer(815301076,1909f56bfc062723c751e8b465ee728b)
Start importing Assets/Cartoon_Texture_Pack/GRASS/GRASS_Flower/GRASS_Flower_Tint_01/Texture/Grass_Flower_Tint_01_FlowerYellow_A_Height.png using Guid(b8985964be00d1c43be3ade2821e2c3a) Importer(815301076,1909f56bfc062723c751e8b465ee728b)  -> (artifact id: 'a31ef16241c88d22167b26b87c2db23e') in 0.187298 seconds 
========================================================================
Received Import Request.
  Time since last request: 0.000049 seconds.
  path: Assets/Cartoon_Texture_Pack/GRASS/GRASS_Flower/GRASS_Flower_Tint_01/Texture/Grass_Flower_Tint_01_FlowerPurple_A_Metallic.png
  artifactKey: Guid(09fece92a00d3ae4e9844f829145d525) Importer(815301076,1909f56bfc062723c751e8b465ee728b)
Start importing Assets/Cartoon_Texture_Pack/GRASS/GRASS_Flower/GRASS_Flower_Tint_01/Texture/Grass_Flower_Tint_01_FlowerPurple_A_Metallic.png using Guid(09fece92a00d3ae4e9844f829145d525) Importer(815301076,1909f56bfc062723c751e8b465ee728b)  -> (artifact id: '638deff17027a582b1eda189de2a84f9') in 0.093972 seconds 
========================================================================
Received Import Request.
  Time since last request: 0.000026 seconds.
  path: Assets/Cartoon_Texture_Pack/GRASS/GRASS_Flower/GRASS_Flower_Tint_01/Texture/Grass_Flower_Tint_01_FlowerYellow_B_Height.png
  artifactKey: Guid(b6c4233c6db42894894072bffbc6c054) Importer(815301076,1909f56bfc062723c751e8b465ee728b)
Start importing Assets/Cartoon_Texture_Pack/GRASS/GRASS_Flower/GRASS_Flower_Tint_01/Texture/Grass_Flower_Tint_01_FlowerYellow_B_Height.png using Guid(b6c4233c6db42894894072bffbc6c054) Importer(815301076,1909f56bfc062723c751e8b465ee728b)  -> (artifact id: '1b2aa38d8d277eb0dad21e4324562261') in 0.088370 seconds 
========================================================================
Received Import Request.
  Time since last request: 0.000037 seconds.
  path: Assets/Cartoon_Texture_Pack/GRASS/GRASS_Flower/GRASS_Flower_Tint_01/Texture/Grass_Flower_Tint_01_FlowerRed_A_Normal.png
  artifactKey: Guid(c0ceaffafa12d864fb1dd96c89cdfd95) Importer(815301076,1909f56bfc062723c751e8b465ee728b)
Start importing Assets/Cartoon_Texture_Pack/GRASS/GRASS_Flower/GRASS_Flower_Tint_01/Texture/Grass_Flower_Tint_01_FlowerRed_A_Normal.png using Guid(c0ceaffafa12d864fb1dd96c89cdfd95) Importer(815301076,1909f56bfc062723c751e8b465ee728b)  -> (artifact id: '77af185cb54a0c44014475705f3ce5d5') in 0.136617 seconds 
========================================================================
Received Import Request.
  Time since last request: 0.000035 seconds.
  path: Assets/Cartoon_Texture_Pack/GRASS/GRASS_Flower/GRASS_Flower_Tint_01/Texture/Grass_Flower_Tint_01_FlowerPurple_A_Height.png
  artifactKey: Guid(eba780d4688de69499c47bc9397f1cd6) Importer(815301076,1909f56bfc062723c751e8b465ee728b)
Start importing Assets/Cartoon_Texture_Pack/GRASS/GRASS_Flower/GRASS_Flower_Tint_01/Texture/Grass_Flower_Tint_01_FlowerPurple_A_Height.png using Guid(eba780d4688de69499c47bc9397f1cd6) Importer(815301076,1909f56bfc062723c751e8b465ee728b)  -> (artifact id: '4a1c36b3dec2c99439c2e8532ea47b5c') in 0.083263 seconds 
========================================================================
Received Import Request.
  Time since last request: 0.000041 seconds.
  path: Assets/Cartoon_Texture_Pack/GRASS/GRASS_Flower/GRASS_Flower_Tint_01/Texture/Grass_Flower_Tint_01_FlowerYellow_A_AO.png
  artifactKey: Guid(5b5ca15ebd32c4243953269d8794a191) Importer(815301076,1909f56bfc062723c751e8b465ee728b)
Start importing Assets/Cartoon_Texture_Pack/GRASS/GRASS_Flower/GRASS_Flower_Tint_01/Texture/Grass_Flower_Tint_01_FlowerYellow_A_AO.png using Guid(5b5ca15ebd32c4243953269d8794a191) Importer(815301076,1909f56bfc062723c751e8b465ee728b)  -> (artifact id: '05d54d779bfdb2f402332e168b150c28') in 0.180882 seconds 
========================================================================
Received Import Request.
  Time since last request: 0.000041 seconds.
  path: Assets/Cartoon_Texture_Pack/GRASS/GRASS_Flower/GRASS_Flower_Tint_01/Texture/Grass_Flower_Tint_01_FlowerPurple_B_Metallic.png
  artifactKey: Guid(5c5cdd5494a5c7e468c9fad723f79bba) Importer(815301076,1909f56bfc062723c751e8b465ee728b)
Start importing Assets/Cartoon_Texture_Pack/GRASS/GRASS_Flower/GRASS_Flower_Tint_01/Texture/Grass_Flower_Tint_01_FlowerPurple_B_Metallic.png using Guid(5c5cdd5494a5c7e468c9fad723f79bba) Importer(815301076,1909f56bfc062723c751e8b465ee728b)  -> (artifact id: '7d7c943872bd221cae321ceaeb957c8c') in 0.196373 seconds 
========================================================================
Received Import Request.
  Time since last request: 0.000026 seconds.
  path: Assets/Cartoon_Texture_Pack/GRASS/GRASS_Flower/GRASS_Flower_Tint_01/Texture/Grass_Flower_Tint_01_FlowerBlue_A_Metallic.png
  artifactKey: Guid(5fe9e9892e9bbb5438a3e55738d659ab) Importer(815301076,1909f56bfc062723c751e8b465ee728b)
Start importing Assets/Cartoon_Texture_Pack/GRASS/GRASS_Flower/GRASS_Flower_Tint_01/Texture/Grass_Flower_Tint_01_FlowerBlue_A_Metallic.png using Guid(5fe9e9892e9bbb5438a3e55738d659ab) Importer(815301076,1909f56bfc062723c751e8b465ee728b)  -> (artifact id: 'd1de9669cf78dead14407cf3361f7272') in 0.314867 seconds 
========================================================================
Received Import Request.
  Time since last request: 0.000034 seconds.
  path: Assets/Cartoon_Texture_Pack/GRASS/GRASS_Flower/GRASS_Flower_Tint_01/Material/Grass_Flower_Tint_01_FlowerPurple_A.mat
  artifactKey: Guid(e5c75e771ad5773489360ae2b93d803e) Importer(815301076,1909f56bfc062723c751e8b465ee728b)
Start importing Assets/Cartoon_Texture_Pack/GRASS/GRASS_Flower/GRASS_Flower_Tint_01/Material/Grass_Flower_Tint_01_FlowerPurple_A.mat using Guid(e5c75e771ad5773489360ae2b93d803e) Importer(815301076,1909f56bfc062723c751e8b465ee728b)  -> (artifact id: '0a0be4789bc1d0d287cdc1884f0d6642') in 0.183743 seconds 
========================================================================
Received Import Request.
  Time since last request: 0.000021 seconds.
  path: Assets/Cartoon_Texture_Pack/GRASS/GRASS_Flower/GRASS_Flower_Tint_01/Material/Grass_Flower_Tint_01_Rocks.mat
  artifactKey: Guid(586c98c8e0795f64fa3967c0a9af51b7) Importer(815301076,1909f56bfc062723c751e8b465ee728b)
Start importing Assets/Cartoon_Texture_Pack/GRASS/GRASS_Flower/GRASS_Flower_Tint_01/Material/Grass_Flower_Tint_01_Rocks.mat using Guid(586c98c8e0795f64fa3967c0a9af51b7) Importer(815301076,1909f56bfc062723c751e8b465ee728b)  -> (artifact id: '8ce29a4b40ab6ccb74ecfc4076d720c0') in 0.424498 seconds 
========================================================================
Received Import Request.
  Time since last request: 16.358950 seconds.
  path: Assets/Cartoon_Texture_Pack/_MaterialLibrary/Material_Library_Reference.png
  artifactKey: Guid(3a6463e0803a8e845b99b863dde00116) Importer(815301076,1909f56bfc062723c751e8b465ee728b)
Start importing Assets/Cartoon_Texture_Pack/_MaterialLibrary/Material_Library_Reference.png using Guid(3a6463e0803a8e845b99b863dde00116) Importer(815301076,1909f56bfc062723c751e8b465ee728b)  -> (artifact id: '018d3d4dd92f381fec70f8228ef627c9') in 0.176301 seconds 
========================================================================
Received Import Request.
  Time since last request: 4.337407 seconds.
  path: Assets/Cartoon_Texture_Pack/DIRT/Dirt_Path/Materials/Dirt_Path.mat
  artifactKey: Guid(1cef938def0b527469f8ef0720c534dc) Importer(815301076,1909f56bfc062723c751e8b465ee728b)
Start importing Assets/Cartoon_Texture_Pack/DIRT/Dirt_Path/Materials/Dirt_Path.mat using Guid(1cef938def0b527469f8ef0720c534dc) Importer(815301076,1909f56bfc062723c751e8b465ee728b)  -> (artifact id: '4e6c1374c077631f004a5d1dc73dddbd') in 0.316642 seconds 
========================================================================
Received Import Request.
  Time since last request: 0.927951 seconds.
  path: Assets/Cartoon_Texture_Pack/DIRT/Dirt_Path/Textures/Dirt_Path_AO.png
  artifactKey: Guid(0fd2da29303ebcb4cb50ad1cccf7f097) Importer(815301076,1909f56bfc062723c751e8b465ee728b)
Start importing Assets/Cartoon_Texture_Pack/DIRT/Dirt_Path/Textures/Dirt_Path_AO.png using Guid(0fd2da29303ebcb4cb50ad1cccf7f097) Importer(815301076,1909f56bfc062723c751e8b465ee728b)  -> (artifact id: '351f9932bb9329b89bf3a74845a80af1') in 0.021018 seconds 
========================================================================
Received Import Request.
  Time since last request: 0.000041 seconds.
  path: Assets/Cartoon_Texture_Pack/DIRT/Dirt_Path/Textures/Dirt_Path_Normal.png
  artifactKey: Guid(48c3f9bf0c6c95b4e8a00c6b9a8162be) Importer(815301076,1909f56bfc062723c751e8b465ee728b)
Start importing Assets/Cartoon_Texture_Pack/DIRT/Dirt_Path/Textures/Dirt_Path_Normal.png using Guid(48c3f9bf0c6c95b4e8a00c6b9a8162be) Importer(815301076,1909f56bfc062723c751e8b465ee728b)  -> (artifact id: '00a03aba90319230d73aeea31a22dc1e') in 0.047452 seconds 
========================================================================
Received Import Request.
  Time since last request: 0.000035 seconds.
  path: Assets/Cartoon_Texture_Pack/DIRT/Dirt_Path/Textures/Dirt_Path_Metallic.png
  artifactKey: Guid(ae87662110a99a64d80a0cb0171f7d5e) Importer(815301076,1909f56bfc062723c751e8b465ee728b)
Start importing Assets/Cartoon_Texture_Pack/DIRT/Dirt_Path/Textures/Dirt_Path_Metallic.png using Guid(ae87662110a99a64d80a0cb0171f7d5e) Importer(815301076,1909f56bfc062723c751e8b465ee728b)  -> (artifact id: '4e11d4023d9b17d5aade97fcad1a4d86') in 0.046044 seconds 
========================================================================
Received Prepare
Registering precompiled user dll's ...
Registered in 0.007372 seconds.
Begin MonoManager ReloadAssembly
Symbol file LoadedFromMemory doesn't match image D:\_School\CM2020 Agile Software Projects\Projects\Project Poi Level Design\Project Poi\Library\PackageCache\com.unity.visualscripting@1.7.8\Editor\VisualScripting.Core\Dependencies\YamlDotNet\Unity.VisualScripting.YamlDotNet.dll
Symbol file LoadedFromMemory doesn't match image D:\_School\CM2020 Agile Software Projects\Projects\Project Poi Level Design\Project Poi\Library\PackageCache\com.unity.visualscripting@1.7.8\Editor\VisualScripting.Core\Dependencies\DotNetZip\Unity.VisualScripting.IonicZip.dll
Native extension for WindowsStandalone target not found
Native extension for WebGL target not found
Refreshing native plugins compatible for Editor in 1.91 ms, found 3 plugins.
Preloading 0 native plugins for Editor in 0.00 ms.
Mono: successfully reloaded assembly
- Completed reload, in  2.115 seconds
Domain Reload Profiling:
	ReloadAssembly (2117ms)
		BeginReloadAssembly (247ms)
			ExecutionOrderSort (0ms)
			DisableScriptedObjects (14ms)
			BackupInstance (0ms)
			ReleaseScriptingObjects (0ms)
			CreateAndSetChildDomain (80ms)
		EndReloadAssembly (1683ms)
			LoadAssemblies (160ms)
			RebuildTransferFunctionScriptingTraits (0ms)
			SetupTypeCache (464ms)
			ReleaseScriptCaches (2ms)
			RebuildScriptCaches (83ms)
			SetupLoadedEditorAssemblies (704ms)
				LogAssemblyErrors (0ms)
				InitializePlatformSupportModulesInManaged (29ms)
				SetLoadedEditorAssemblies (1ms)
				RefreshPlugins (2ms)
				BeforeProcessingInitializeOnLoad (126ms)
				ProcessInitializeOnLoadAttributes (377ms)
				ProcessInitializeOnLoadMethodAttributes (151ms)
				AfterProcessingInitializeOnLoad (19ms)
				EditorAssembliesLoaded (0ms)
			ExecutionOrderSort2 (0ms)
			AwakeInstancesAfterBackupRestoration (42ms)
Platform modules already initialized, skipping
Refreshing native plugins compatible for Editor in 4.30 ms, found 3 plugins.
Preloading 0 native plugins for Editor in 0.00 ms.
Unloading 4994 Unused Serialized files (Serialized files now loaded: 0)
Unloading 24 unused Assets / (309.9 KB). Loaded Objects now: 5809.
Memory consumption went from 236.0 MB to 235.7 MB.
Total: 5.753500 ms (FindLiveObjects: 0.543300 ms CreateObjectMapping: 0.585800 ms MarkObjects: 4.514800 ms  DeleteObjects: 0.108100 ms)

AssetImportParameters requested are different than current active one (requested -> active):
  custom:video-decoder-ogg-theora: a1e56fd34408186e4bbccfd4996cb3dc -> 
  custom:container-muxer-webm: aa71ff27fc2769a1b78a27578f13a17b -> 
  custom:container-demuxer-webm: 4f35f7cbe854078d1ac9338744f61a02 -> 
  custom:video-encoder-webm-vp8: eb34c28f22e8b96e1ab97ce403110664 -> 
  custom:audio-encoder-webm-vorbis: bf7c407c2cedff20999df2af8eb42d56 -> 
  custom:framework-win-MediaFoundation: 216162199b28c13a410421893ffa2e32 -> 
  custom:container-demuxer-ogg: 62fdf1f143b41e24485cea50d1cbac27 -> 
  custom:video-decoder-webm-vp8: 9c59270c3fd7afecdb556c50c9e8de78 -> 
  custom:audio-decoder-ogg-vorbis: bf7c407c2cedff20999df2af8eb42d56 -> 
